Flow report for lab07
Thu Oct 19 11:04:46 2023
Quartus Prime Version 22.1std.1 Build 917 02/14/2023 SC Standard Edition


---------------------
; Table of Contents ;
---------------------
  1. Legal Notice
  2. Flow Summary
  3. Flow Settings
  4. Flow Non-Default Global Settings
  5. Flow Elapsed Time
  6. Flow OS Summary
  7. Flow Log
  8. Flow Messages
  9. Flow Suppressed Messages



----------------
; Legal Notice ;
----------------
Copyright (C) 2023  Intel Corporation. All rights reserved.
Your use of Intel Corporation's design tools, logic functions 
and other software and tools, and any partner logic 
functions, and any output files from any of the foregoing 
(including device programming or simulation files), and any 
associated documentation or information are expressly subject 
to the terms and conditions of the Intel Program License 
Subscription Agreement, the Intel Quartus Prime License Agreement,
the Intel FPGA IP License Agreement, or other applicable license
agreement, including, without limitation, that your use is for
the sole purpose of programming logic devices manufactured by
Intel and sold by Intel or its authorized distributors.  Please
refer to the applicable agreement for further details, at
https://fpgasoftware.intel.com/eula.



+-----------------------------------------------------------------------------------------+
; Flow Summary                                                                            ;
+------------------------------------+----------------------------------------------------+
; Flow Status                        ; Successful - Thu Oct 19 11:04:43 2023              ;
; Quartus Prime Version              ; 22.1std.1 Build 917 02/14/2023 SC Standard Edition ;
; Revision Name                      ; lab07                                              ;
; Top-level Entity Name              ; lab07                                              ;
; Family                             ; Cyclone IV E                                       ;
; Device                             ; EP4CE115F29C7                                      ;
; Timing Models                      ; Final                                              ;
; Total logic elements               ; 2 / 114,480 ( < 1 % )                              ;
;     Total combinational functions  ; 2 / 114,480 ( < 1 % )                              ;
;     Dedicated logic registers      ; 0 / 114,480 ( 0 % )                                ;
; Total registers                    ; 0                                                  ;
; Total pins                         ; 5 / 529 ( < 1 % )                                  ;
; Total virtual pins                 ; 0                                                  ;
; Total memory bits                  ; 0 / 3,981,312 ( 0 % )                              ;
; Embedded Multiplier 9-bit elements ; 0 / 532 ( 0 % )                                    ;
; Total PLLs                         ; 0 / 4 ( 0 % )                                      ;
+------------------------------------+----------------------------------------------------+


+-----------------------------------------+
; Flow Settings                           ;
+-------------------+---------------------+
; Option            ; Setting             ;
+-------------------+---------------------+
; Start date & time ; 10/19/2023 11:04:27 ;
; Main task         ; Compilation         ;
; Revision Name     ; lab07               ;
+-------------------+---------------------+


+-------------------------------------------------------------------------------------------------------------------------+
; Flow Non-Default Global Settings                                                                                        ;
+-------------------------------------+----------------------------------------+---------------+-------------+------------+
; Assignment Name                     ; Value                                  ; Default Value ; Entity Name ; Section Id ;
+-------------------------------------+----------------------------------------+---------------+-------------+------------+
; COMPILER_SIGNATURE_ID               ; 215893810793649.169773146716104        ; --            ; --          ; --         ;
; MAX_CORE_JUNCTION_TEMP              ; 85                                     ; --            ; --          ; --         ;
; MIN_CORE_JUNCTION_TEMP              ; 0                                      ; --            ; --          ; --         ;
; NOMINAL_CORE_SUPPLY_VOLTAGE         ; 1.2V                                   ; --            ; --          ; --         ;
; PARTITION_COLOR                     ; -- (Not supported for targeted family) ; --            ; --          ; Top        ;
; PARTITION_FITTER_PRESERVATION_LEVEL ; -- (Not supported for targeted family) ; --            ; --          ; Top        ;
; PARTITION_NETLIST_TYPE              ; -- (Not supported for targeted family) ; --            ; --          ; Top        ;
; PROJECT_OUTPUT_DIRECTORY            ; output_files                           ; --            ; --          ; --         ;
+-------------------------------------+----------------------------------------+---------------+-------------+------------+


+--------------------------------------------------------------------------------------------------------------------------+
; Flow Elapsed Time                                                                                                        ;
+----------------------+--------------+-------------------------+---------------------+------------------------------------+
; Module Name          ; Elapsed Time ; Average Processors Used ; Peak Virtual Memory ; Total CPU Time (on all processors) ;
+----------------------+--------------+-------------------------+---------------------+------------------------------------+
; Analysis & Synthesis ; 00:00:05     ; 1.0                     ; 4807 MB             ; 00:00:04                           ;
; Fitter               ; 00:00:05     ; 1.0                     ; 6775 MB             ; 00:00:04                           ;
; Assembler            ; 00:00:02     ; 1.0                     ; 4724 MB             ; 00:00:00                           ;
; Timing Analyzer      ; 00:00:02     ; 1.0                     ; 4959 MB             ; 00:00:00                           ;
; Total                ; 00:00:14     ; --                      ; --                  ; 00:00:08                           ;
+----------------------+--------------+-------------------------+---------------------+------------------------------------+


+------------------------------------------------------------------------------------+
; Flow OS Summary                                                                    ;
+----------------------+------------------+------------+------------+----------------+
; Module Name          ; Machine Hostname ; OS Name    ; OS Version ; Processor type ;
+----------------------+------------------+------------+------------+----------------+
; Analysis & Synthesis ; CO1318-02        ; Windows 10 ; 10.0       ; x86_64         ;
; Fitter               ; CO1318-02        ; Windows 10 ; 10.0       ; x86_64         ;
; Assembler            ; CO1318-02        ; Windows 10 ; 10.0       ; x86_64         ;
; Timing Analyzer      ; CO1318-02        ; Windows 10 ; 10.0       ; x86_64         ;
+----------------------+------------------+------------+------------+----------------+


------------
; Flow Log ;
------------
quartus_map --read_settings_files=on --write_settings_files=off lab07 -c lab07
quartus_fit --read_settings_files=off --write_settings_files=off lab07 -c lab07
quartus_asm --read_settings_files=off --write_settings_files=off lab07 -c lab07
quartus_sta lab07 -c lab07



